<?xml version="1.0" encoding="UTF-8"?>
<coverage generated="1654174310761" clover="3.2.0">
  <project timestamp="1654174310762" name="All files">
    <metrics statements="12" coveredstatements="12" conditionals="2" coveredconditionals="1" methods="3" coveredmethods="3" elements="17" coveredelements="16" complexity="0" loc="12" ncloc="12" packages="1" files="1" classes="1"/>
    <file name="index.js" path="C:\Users\lucas\Desktop\Programação\NodeJS com Express\index.js">
      <metrics statements="12" coveredstatements="12" conditionals="2" coveredconditionals="1" methods="3" coveredmethods="3"/>
      <line num="5" count="1" type="stmt"/>
      <line num="6" count="1" type="stmt"/>
      <line num="9" count="1" type="stmt"/>
      <line num="10" count="1" type="stmt"/>
      <line num="13" count="1" type="cond" truecount="1" falsecount="1"/>
      <line num="18" count="1" type="stmt"/>
      <line num="23" count="2" type="stmt"/>
      <line num="24" count="2" type="stmt"/>
      <line num="25" count="2" type="stmt"/>
      <line num="26" count="1" type="stmt"/>
      <line num="27" count="1" type="stmt"/>
      <line num="29" count="1" type="stmt"/>
    </file>
  </project>
</coverage>
