<?xml version="1.0" encoding="UTF-8"?>
<coverage generated="1654172039782" clover="3.2.0">
  <project timestamp="1654172039782" name="All files">
    <metrics statements="12" coveredstatements="0" conditionals="2" coveredconditionals="0" methods="3" coveredmethods="0" elements="17" coveredelements="0" complexity="0" loc="12" ncloc="12" packages="1" files="1" classes="1"/>
    <file name="index.js" path="C:\Users\lucas\Desktop\Programação\NodeJS com Express\index.js">
      <metrics statements="12" coveredstatements="0" conditionals="2" coveredconditionals="0" methods="3" coveredmethods="0"/>
      <line num="5" count="0" type="stmt"/>
      <line num="6" count="0" type="stmt"/>
      <line num="9" count="0" type="stmt"/>
      <line num="10" count="0" type="stmt"/>
      <line num="13" count="0" type="cond" truecount="0" falsecount="2"/>
      <line num="18" count="0" type="stmt"/>
      <line num="23" count="0" type="stmt"/>
      <line num="24" count="0" type="stmt"/>
      <line num="25" count="0" type="stmt"/>
      <line num="26" count="0" type="stmt"/>
      <line num="27" count="0" type="stmt"/>
      <line num="29" count="0" type="stmt"/>
    </file>
  </project>
</coverage>
